app/build/intermediates/manifest_merge_blame_file/release/manifest-merger-blame-release-report.txt
1<?xml version="1.0" encoding="utf-8"?>
2<manifest xmlns:android="http://schemas.android.com/apk/res/android"
3    package="com.pelayoness.testboda"
4    android:versionCode="1"
5    android:versionName="1.0" >
6
7    <uses-sdk
8        android:minSdkVersion="24"
8-->src/main/AndroidManifest.xml
9        android:targetSdkVersion="30" />
9-->src/main/AndroidManifest.xml
10
11    <uses-permission android:name="android.permission.INTERNET" />
11-->src/main/AndroidManifest.xml:5:5-66
11-->src/main/AndroidManifest.xml:5:22-64
12
13    <application
13-->src/main/AndroidManifest.xml:6:5-35:19
14        android:allowBackup="true"
14-->src/main/AndroidManifest.xml:7:9-35
15        android:appComponentFactory="androidx.core.app.CoreComponentFactory"
15-->[androidx.core:core:1.3.2] AndroidManifest.xml:24:18-86
16        android:extractNativeLibs="false"
17        android:icon="@mipmap/ic_launcher_pm_circle"
17-->src/main/AndroidManifest.xml:8:9-53
18        android:label="@string/app_name"
18-->src/main/AndroidManifest.xml:9:9-41
19        android:roundIcon="@mipmap/ic_launcher_pm_circle"
19-->src/main/AndroidManifest.xml:10:9-58
20        android:supportsRtl="true"
20-->src/main/AndroidManifest.xml:11:9-35
21        android:theme="@style/Theme.TestBoda" >
21-->src/main/AndroidManifest.xml:12:9-46
22        <activity
22-->src/main/AndroidManifest.xml:13:9-22:20
23            android:name="com.pelayoness.testboda.views.MainActivity"
23-->src/main/AndroidManifest.xml:14:13-70
24            android:screenOrientation="portrait"
24-->src/main/AndroidManifest.xml:15:13-49
25            android:theme="@style/NoActionBarTheme"
25-->src/main/AndroidManifest.xml:16:13-52
26            android:windowSoftInputMode="adjustResize" >
26-->src/main/AndroidManifest.xml:17:13-55
27            <intent-filter>
27-->src/main/AndroidManifest.xml:18:13-21:29
28                <action android:name="android.intent.action.MAIN" />
28-->src/main/AndroidManifest.xml:19:17-69
28-->src/main/AndroidManifest.xml:19:25-66
29
30                <category android:name="android.intent.category.LAUNCHER" />
30-->src/main/AndroidManifest.xml:20:17-77
30-->src/main/AndroidManifest.xml:20:27-74
31            </intent-filter>
32        </activity>
33        <activity
33-->src/main/AndroidManifest.xml:23:9-28:20
34            android:name="com.pelayoness.testboda.views.QuizQuestionsActivity"
34-->src/main/AndroidManifest.xml:24:13-79
35            android:screenOrientation="portrait"
35-->src/main/AndroidManifest.xml:25:13-49
36            android:theme="@style/NoActionBarTheme"
36-->src/main/AndroidManifest.xml:26:13-52
37            android:windowSoftInputMode="adjustResize" >
37-->src/main/AndroidManifest.xml:27:13-55
38        </activity>
39        <activity
39-->src/main/AndroidManifest.xml:29:9-34:20
40            android:name="com.pelayoness.testboda.views.QuizResultsActivity"
40-->src/main/AndroidManifest.xml:30:13-77
41            android:screenOrientation="portrait"
41-->src/main/AndroidManifest.xml:31:13-49
42            android:theme="@style/NoActionBarTheme"
42-->src/main/AndroidManifest.xml:32:13-52
43            android:windowSoftInputMode="adjustResize" >
43-->src/main/AndroidManifest.xml:33:13-55
44        </activity>
45    </application>
46
47</manifest>